<?xml version="1.0" encoding="UTF-8"?>
<!-- Generated by org.testng.reporters.JUnitXMLReporter -->
<testsuite ignored="0" hostname="MSI" failures="0" tests="2" name="Run On Chrome" time="11.59" errors="0" timestamp="11 thg 11 2022 14:04:53 GMT">
  <testcase classname="com.nopcommerce.user.Level_15_ExtentV5_Screenshot" name="User_01_Register" time="4.492"/>
  <testcase classname="com.nopcommerce.user.Level_15_ExtentV5_Screenshot" name="User_02_Login" time="2.731"/>
</testsuite> <!-- Run On Chrome -->
